<?xml version="1.0" encoding="UTF-8"?>
<testng-results skipped="0" failed="0" ignored="0" total="2" passed="2">
  <reporter-output>
  </reporter-output>
  <suite name="Aspire" duration-ms="10425" started-at="2022-03-15T13:21:13Z" finished-at="2022-03-15T13:21:23Z">
    <groups>
    </groups>
    <test name="Run on CHROME UI" duration-ms="10425" started-at="2022-03-15T13:21:13Z" finished-at="2022-03-15T13:21:23Z">
      <class name="aspire.odoo.Order_01_Create_Product_And_Manufacturing_Order">
        <test-method status="PASS" signature="beforeClass(java.lang.String, java.lang.String)[pri:0, instance:aspire.odoo.Order_01_Create_Product_And_Manufacturing_Order@4bf3798b]" name="beforeClass" is-config="true" duration-ms="9479" started-at="2022-03-15T13:21:13Z" finished-at="2022-03-15T13:21:22Z">
          <params>
            <param index="0">
              <value>
                <![CDATA[chrome]]>
              </value>
            </param>
            <param index="1">
              <value>
                <![CDATA[https://aspireapp.odoo.com]]>
              </value>
            </param>
          </params>
          <reporter-output>
          </reporter-output>
        </test-method> <!-- beforeClass -->
        <test-method status="PASS" signature="TC_01_Create_Product()[pri:0, instance:aspire.odoo.Order_01_Create_Product_And_Manufacturing_Order@4bf3798b]" name="TC_01_Create_Product" duration-ms="24" started-at="2022-03-15T13:21:22Z" finished-at="2022-03-15T13:21:22Z">
          <reporter-output>
          </reporter-output>
        </test-method> <!-- TC_01_Create_Product -->
        <test-method status="PASS" signature="TC_02_Create_()[pri:0, instance:aspire.odoo.Order_01_Create_Product_And_Manufacturing_Order@4bf3798b]" name="TC_02_Create_" duration-ms="1" started-at="2022-03-15T13:21:22Z" finished-at="2022-03-15T13:21:22Z">
          <reporter-output>
          </reporter-output>
        </test-method> <!-- TC_02_Create_ -->
        <test-method status="PASS" signature="afterClass()[pri:0, instance:aspire.odoo.Order_01_Create_Product_And_Manufacturing_Order@4bf3798b]" name="afterClass" is-config="true" duration-ms="846" started-at="2022-03-15T13:21:22Z" finished-at="2022-03-15T13:21:23Z">
          <reporter-output>
          </reporter-output>
        </test-method> <!-- afterClass -->
      </class> <!-- aspire.odoo.Order_01_Create_Product_And_Manufacturing_Order -->
    </test> <!-- Run on CHROME UI -->
  </suite> <!-- Aspire -->
</testng-results>
